<?xml version="1.0" encoding="UTF-8"?>
<beans xmlns="http://www.springframework.org/schema/beans"
       xmlns:xsi="http://www.w3.org/2001/XMLSchema-instance"
       xmlns:context="http://www.springframework.org/schema/context"
       xsi:schemaLocation="http://www.springframework.org/schema/beans http://www.springframework.org/schema/beans/spring-beans.xsd http://www.springframework.org/schema/context http://www.springframework.org/schema/context/spring-context.xsd">

    <context:component-scan base-package="com.piar.protocol">
    </context:component-scan>

    <bean id = "testServiceImpl" class="com.piar.demo.TestRemoteServiceImpl"></bean>
    <bean id = "server" class="com.piar.server.SimpleServer"></bean>

    <bean id = "testService" class="org.springframework.aop.framework.ProxyFactoryBean" >
        <property name="proxyInterfaces">
            <value>com.piar.demo.TestLocalService</value>
        </property>

        <!--是ProxyFactoryBean要代理的目标类-->
        <property name="target">
            <ref bean="testServiceImpl"/>
        </property>
    </bean>

</beans>